c:\users\marius\desktop\opengl\projects\project3\project_template\x64\debug\vc142.pdb
c:\users\marius\desktop\opengl\projects\project3\project_template\x64\debug\vc142.idb
c:\users\marius\desktop\opengl\projects\project3\project_template\x64\debug\glad.obj
c:\users\marius\desktop\opengl\projects\project3\project_template\x64\debug\scenebasic_uniform.obj
c:\users\marius\desktop\opengl\projects\project3\project_template\x64\debug\main.obj
c:\users\marius\desktop\opengl\projects\project3\project_template\x64\debug\glslprogram.obj
c:\users\marius\desktop\opengl\projects\project3\project_template\x64\debug\glutils.obj
c:\users\marius\desktop\project_template\x64\debug\vc142.pdb
c:\users\marius\desktop\project_template\x64\debug\vc142.idb
c:\users\marius\desktop\project_template\x64\debug\glad.obj
c:\users\marius\desktop\project_template\x64\debug\scenebasic_uniform.obj
c:\users\marius\desktop\project_template\x64\debug\main.obj
c:\users\marius\desktop\project_template\x64\debug\glutils.obj
c:\users\marius\desktop\project_template\x64\debug\glslprogram.obj
c:\users\marius\desktop\opengl\projects\project3\project_template\x64\debug\project_template.exe
c:\users\marius\desktop\opengl\projects\project3\project_template\x64\debug\project_template.ilk
c:\users\marius\desktop\opengl\projects\project3\project_template\x64\debug\project_template.pdb
c:\users\marius\desktop\project_template\x64\debug\project_template.exe
c:\users\marius\desktop\project_template\x64\debug\project_template.ilk
c:\users\marius\desktop\project_template\x64\debug\project_template.pdb
c:\users\gwrogers\downloads\project_template\project_template\x64\debug\glad.obj
c:\users\gwrogers\downloads\project_template\project_template\x64\debug\glslprogram.obj
c:\users\gwrogers\downloads\project_template\project_template\x64\debug\glutils.obj
c:\users\gwrogers\downloads\project_template\project_template\x64\debug\main.obj
c:\users\gwrogers\downloads\project_template\project_template\x64\debug\scenebasic_uniform.obj
c:\users\gwrogers\downloads\project_template\project_template\x64\debug\project_template.ilk
c:\users\gwrogers\downloads\project_template\project_template\x64\debug\vc142.idb
c:\users\gwrogers\downloads\project_template\project_template\x64\debug\vc143.idb
c:\users\gwrogers\downloads\project_template\project_template\x64\debug\project_template.pdb
c:\users\gwrogers\downloads\project_template\project_template\x64\debug\vc142.pdb
c:\users\gwrogers\downloads\project_template\project_template\x64\debug\vc143.pdb
c:\users\gwrogers\downloads\project_template\project_template\x64\debug\project_template.exe
c:\users\gwrogers\downloads\project_template\project_template\x64\debug\project_template.tlog\cl.command.1.tlog
c:\users\gwrogers\downloads\project_template\project_template\x64\debug\project_template.tlog\cl.read.1.tlog
c:\users\gwrogers\downloads\project_template\project_template\x64\debug\project_template.tlog\cl.write.1.tlog
c:\users\gwrogers\downloads\project_template\project_template\x64\debug\project_template.tlog\link.command.1.tlog
c:\users\gwrogers\downloads\project_template\project_template\x64\debug\project_template.tlog\link.read.1.tlog
c:\users\gwrogers\downloads\project_template\project_template\x64\debug\project_template.tlog\link.write.1.tlog
